<?xml version="1.0" encoding="UTF-8"?>
<testng-results ignored="0" total="1" passed="1" failed="0" skipped="0">
  <reporter-output>
  </reporter-output>
  <suite started-at="2022-08-08T11:15:12 BST" name="Default suite" finished-at="2022-08-08T11:15:27 BST" duration-ms="15517">
    <groups>
    </groups>
    <test started-at="2022-08-08T11:15:12 BST" name="Default test" finished-at="2022-08-08T11:15:27 BST" duration-ms="15517">
      <class name="tests.loginPage.TC002_ForgottenPasswordTest">
        <test-method is-config="true" signature="testSetup()[pri:0, instance:tests.loginPage.TC002_ForgottenPasswordTest@d9345cd]" started-at="2022-08-08T11:15:12 BST" name="testSetup" finished-at="2022-08-08T11:15:20 BST" duration-ms="7979" status="PASS">
          <reporter-output>
          </reporter-output>
        </test-method> <!-- testSetup -->
        <test-method signature="testingForgottenPassword()[pri:0, instance:tests.loginPage.TC002_ForgottenPasswordTest@d9345cd]" started-at="2022-08-08T11:15:20 BST" name="testingForgottenPassword" finished-at="2022-08-08T11:15:27 BST" duration-ms="7372" status="PASS">
          <reporter-output>
          </reporter-output>
        </test-method> <!-- testingForgottenPassword -->
        <test-method is-config="true" signature="tearDown()[pri:0, instance:tests.loginPage.TC002_ForgottenPasswordTest@d9345cd]" started-at="2022-08-08T11:15:27 BST" name="tearDown" finished-at="2022-08-08T11:15:27 BST" duration-ms="47" status="PASS">
          <reporter-output>
          </reporter-output>
        </test-method> <!-- tearDown -->
      </class> <!-- tests.loginPage.TC002_ForgottenPasswordTest -->
    </test> <!-- Default test -->
  </suite> <!-- Default suite -->
</testng-results>
